<?xml version="1.0" encoding="UTF-8"?>
<!-- Generated by org.testng.reporters.JUnitXMLReporter -->
<testsuite ignored="0" hostname="DESKTOP-LJ83OEQ" failures="0" tests="26" name="Test" time="189.203" errors="0" timestamp="2024-02-21T21:51:27 GMT-06:00">
  <testcase classname="Testcases.TC12_Add_Products_in_Cart" name="@BeforeTest initialize" time="5.339">
    <failure type="org.openqa.selenium.WebDriverException" message="unknown error: cannot determine loading status
from disconnected: received Inspector.detached event
  (Session info: chrome=121.0.6167.185)
Build info: version: &amp;apos;4.16.1&amp;apos;, revision: &amp;apos;9b4c83354e&amp;apos;
System info: os.name: &amp;apos;Windows 10&amp;apos;, os.arch: &amp;apos;amd64&amp;apos;, os.version: &amp;apos;10.0&amp;apos;, java.version: &amp;apos;17.0.7&amp;apos;
Driver info: org.openqa.selenium.chrome.ChromeDriver
Command: [f3deee0046e33d8310b6f6c07480aef7, get {url=https://automationexercise.com/}]
Capabilities {acceptInsecureCerts: false, browserName: chrome, browserVersion: 121.0.6167.185, chrome: {chromedriverVersion: 121.0.6167.184 (057a8ae7deb..., userDataDir: C:\Users\Admin\AppData\Loca...}, fedcm:accounts: true, goog:chromeOptions: {debuggerAddress: localhost:49210}, networkConnectionEnabled: false, pageLoadStrategy: normal, platformName: windows, proxy: Proxy(), se:cdp: ws://localhost:49210/devtoo..., se:cdpVersion: 121.0.6167.185, setWindowRect: true, strictFileInteractability: false, timeouts: {implicit: 0, pageLoad: 300000, script: 30000}, unhandledPromptBehavior: dismiss and notify, webauthn:extension:credBlob: true, webauthn:extension:largeBlob: true, webauthn:extension:minPinLength: true, webauthn:extension:prf: true, webauthn:virtualAuthenticators: true}
Session ID: f3deee0046e33d8310b6f6c07480aef7">
      <![CDATA[org.openqa.selenium.WebDriverException: unknown error: cannot determine loading status
from disconnected: received Inspector.detached event
  (Session info: chrome=121.0.6167.185)
Build info: version: '4.16.1', revision: '9b4c83354e'
System info: os.name: 'Windows 10', os.arch: 'amd64', os.version: '10.0', java.version: '17.0.7'
Driver info: org.openqa.selenium.chrome.ChromeDriver
Command: [f3deee0046e33d8310b6f6c07480aef7, get {url=https://automationexercise.com/}]
Capabilities {acceptInsecureCerts: false, browserName: chrome, browserVersion: 121.0.6167.185, chrome: {chromedriverVersion: 121.0.6167.184 (057a8ae7deb..., userDataDir: C:\Users\Admin\AppData\Loca...}, fedcm:accounts: true, goog:chromeOptions: {debuggerAddress: localhost:49210}, networkConnectionEnabled: false, pageLoadStrategy: normal, platformName: windows, proxy: Proxy(), se:cdp: ws://localhost:49210/devtoo..., se:cdpVersion: 121.0.6167.185, setWindowRect: true, strictFileInteractability: false, timeouts: {implicit: 0, pageLoad: 300000, script: 30000}, unhandledPromptBehavior: dismiss and notify, webauthn:extension:credBlob: true, webauthn:extension:largeBlob: true, webauthn:extension:minPinLength: true, webauthn:extension:prf: true, webauthn:virtualAuthenticators: true}
Session ID: f3deee0046e33d8310b6f6c07480aef7
at org.openqa.selenium.remote.codec.w3c.W3CHttpResponseCodec.createException(W3CHttpResponseCodec.java:200)
at org.openqa.selenium.remote.codec.w3c.W3CHttpResponseCodec.decode(W3CHttpResponseCodec.java:133)
at org.openqa.selenium.remote.codec.w3c.W3CHttpResponseCodec.decode(W3CHttpResponseCodec.java:52)
at org.openqa.selenium.remote.HttpCommandExecutor.execute(HttpCommandExecutor.java:191)
at org.openqa.selenium.remote.service.DriverCommandExecutor.invokeExecute(DriverCommandExecutor.java:200)
at org.openqa.selenium.remote.service.DriverCommandExecutor.execute(DriverCommandExecutor.java:175)
at org.openqa.selenium.remote.RemoteWebDriver.execute(RemoteWebDriver.java:523)
at org.openqa.selenium.remote.RemoteWebDriver.get(RemoteWebDriver.java:305)
at Testcases.TC12_Add_Products_in_Cart.initialize(TC12_Add_Products_in_Cart.java:27)
... Removed 29 stack frames]]>
    </failure>
  </testcase> <!-- @BeforeTest initialize -->
  <testcase classname="Testcases.TC13_Verify_Product_quantity_in_Cart" name="@BeforeTest initialize" time="0.0">
    <skipped/>
  </testcase> <!-- @BeforeTest initialize -->
  <testcase classname="Testcases.TC14_Place_Order_With_Registration" name="@BeforeTest Initilaize" time="0.0">
    <skipped/>
  </testcase> <!-- @BeforeTest Initilaize -->
  <testcase classname="Testcases.TC15_Place_Order_And_Register_before_Checkout" name="@BeforeTest Initilaize" time="0.0">
    <skipped/>
  </testcase> <!-- @BeforeTest Initilaize -->
  <testcase classname="Testcases.TC16_Place_order_Login_before_Checkout" name="@BeforeTest Initilaize" time="0.0">
    <skipped/>
  </testcase> <!-- @BeforeTest Initilaize -->
  <testcase classname="Testcases.TC17_Remove_Products_From_Cart" name="@BeforeTest Initilaize" time="0.0">
    <skipped/>
  </testcase> <!-- @BeforeTest Initilaize -->
  <testcase classname="Testcases.TC18_View_Category_Products" name="@BeforeTest Initilaize" time="0.0">
    <skipped/>
  </testcase> <!-- @BeforeTest Initilaize -->
  <testcase classname="Testcases.TC19_View_Cart_Brand_Products" name="@BeforeTest Initilaize" time="0.0">
    <skipped/>
  </testcase> <!-- @BeforeTest Initilaize -->
  <testcase classname="Testcases.TC20_Search_Products_and_Verify_Cart_After_Login" name="@BeforeTest Initilaize" time="0.0">
    <skipped/>
  </testcase> <!-- @BeforeTest Initilaize -->
  <testcase classname="Testcases.TC21_Add_Review_on_Product" name="@BeforeTest initialize" time="0.0">
    <skipped/>
  </testcase> <!-- @BeforeTest initialize -->
  <testcase classname="Testcases.TC22_Add_to_cart_from_Recommended_Items" name="@BeforeTest initialize" time="0.0">
    <skipped/>
  </testcase> <!-- @BeforeTest initialize -->
  <testcase classname="Testcases.TC23_Verify_Address_Details_Checkout_Page" name="@BeforeTest Initilaize" time="0.0">
    <skipped/>
  </testcase> <!-- @BeforeTest Initilaize -->
  <testcase classname="Testcases.TC24_Download_Invoice_after_purchase_order" name="@BeforeTest Initilaize" time="0.0">
    <skipped/>
  </testcase> <!-- @BeforeTest Initilaize -->
  <testcase classname="Testcases.TC25_Verify_Scroll_Up_Down_Functionality_withArrow" name="@BeforeTest Initilaize" time="0.0">
    <skipped/>
  </testcase> <!-- @BeforeTest Initilaize -->
  <testcase classname="Testcases.TC26_Verify_Scroll_Up_Down_functionality_WithoutArrow" name="@BeforeTest Initilaize" time="0.0">
    <skipped/>
  </testcase> <!-- @BeforeTest Initilaize -->
  <testcase classname="Testcases.TC02_LoginUserValidCredentials" name="@AfterTest close" time="0.0">
    <skipped/>
  </testcase> <!-- @AfterTest close -->
  <testcase classname="Testcases.TC03_LoginUserInvalidCredentials" name="@AfterTest close" time="0.0">
    <skipped/>
  </testcase> <!-- @AfterTest close -->
  <testcase classname="Testcases.TC04_LogoutUser" name="@AfterTest close" time="0.0">
    <skipped/>
  </testcase> <!-- @AfterTest close -->
  <testcase classname="Testcases.TC05_ExistingUser" name="@AfterTest close" time="0.0">
    <skipped/>
  </testcase> <!-- @AfterTest close -->
  <testcase classname="Testcases.TC06_Contact_Us_Form" name="@AfterTest close" time="0.0">
    <skipped/>
  </testcase> <!-- @AfterTest close -->
  <testcase classname="Testcases.TC07_TestCase_Page" name="@AfterTest close" time="0.0">
    <skipped/>
  </testcase> <!-- @AfterTest close -->
  <testcase classname="Testcases.TC08_Verify_All_Product_and_Details" name="@AfterTest close" time="0.0">
    <skipped/>
  </testcase> <!-- @AfterTest close -->
  <testcase classname="Testcases.TC09_Search_Product" name="@AfterTest close" time="0.0">
    <skipped/>
  </testcase> <!-- @AfterTest close -->
  <testcase classname="Testcases.TC10_Verify_Subscription_in_home_page" name="@AfterTest close" time="0.0">
    <skipped/>
  </testcase> <!-- @AfterTest close -->
  <testcase classname="Testcases.TC11_Verify_Subscription_in_Cart_Page" name="@AfterTest closeWindow" time="0.0">
    <skipped/>
  </testcase> <!-- @AfterTest closeWindow -->
  <testcase classname="Testcases.TC12_Add_Products_in_Cart" name="@AfterTest close" time="0.0">
    <skipped/>
  </testcase> <!-- @AfterTest close -->
  <testcase classname="Testcases.TC13_Verify_Product_quantity_in_Cart" name="@AfterTest close" time="0.0">
    <skipped/>
  </testcase> <!-- @AfterTest close -->
  <testcase classname="Testcases.TC14_Place_Order_With_Registration" name="@AfterTest close" time="0.0">
    <skipped/>
  </testcase> <!-- @AfterTest close -->
  <testcase classname="Testcases.TC15_Place_Order_And_Register_before_Checkout" name="@AfterTest close" time="0.0">
    <skipped/>
  </testcase> <!-- @AfterTest close -->
  <testcase classname="Testcases.TC16_Place_order_Login_before_Checkout" name="@AfterTest close" time="0.0">
    <skipped/>
  </testcase> <!-- @AfterTest close -->
  <testcase classname="Testcases.TC17_Remove_Products_From_Cart" name="@AfterTest close" time="0.0">
    <skipped/>
  </testcase> <!-- @AfterTest close -->
  <testcase classname="Testcases.TC18_View_Category_Products" name="@AfterTest close" time="0.0">
    <skipped/>
  </testcase> <!-- @AfterTest close -->
  <testcase classname="Testcases.TC19_View_Cart_Brand_Products" name="@AfterTest tearDown" time="0.0">
    <skipped/>
  </testcase> <!-- @AfterTest tearDown -->
  <testcase classname="Testcases.TC20_Search_Products_and_Verify_Cart_After_Login" name="@AfterTest close" time="0.0">
    <skipped/>
  </testcase> <!-- @AfterTest close -->
  <testcase classname="Testcases.TC21_Add_Review_on_Product" name="@AfterTest close" time="0.0">
    <skipped/>
  </testcase> <!-- @AfterTest close -->
  <testcase classname="Testcases.TC22_Add_to_cart_from_Recommended_Items" name="@AfterTest close" time="0.0">
    <skipped/>
  </testcase> <!-- @AfterTest close -->
  <testcase classname="Testcases.TC23_Verify_Address_Details_Checkout_Page" name="@AfterTest close" time="0.0">
    <skipped/>
  </testcase> <!-- @AfterTest close -->
  <testcase classname="Testcases.TC24_Download_Invoice_after_purchase_order" name="@AfterTest close" time="0.0">
    <skipped/>
  </testcase> <!-- @AfterTest close -->
  <testcase classname="Testcases.TC25_Verify_Scroll_Up_Down_Functionality_withArrow" name="@AfterTest Close" time="0.0">
    <skipped/>
  </testcase> <!-- @AfterTest Close -->
  <testcase classname="Testcases.TC26_Verify_Scroll_Up_Down_functionality_WithoutArrow" name="@AfterTest Close" time="0.0">
    <skipped/>
  </testcase> <!-- @AfterTest Close -->
  <testcase classname="Testcases.TC17_Remove_Products_From_Cart" name="RemoveProductfromCart" time="0.0">
    <skipped/>
  </testcase> <!-- RemoveProductfromCart -->
  <testcase classname="Testcases.TC03_LoginUserInvalidCredentials" name="InValidUser" time="0.001">
    <skipped/>
  </testcase> <!-- InValidUser -->
  <testcase classname="Testcases.TC22_Add_to_cart_from_Recommended_Items" name="ADDRecommendedItems" time="0.0">
    <skipped/>
  </testcase> <!-- ADDRecommendedItems -->
  <testcase classname="Testcases.TC11_Verify_Subscription_in_Cart_Page" name="VerifySubscription" time="0.0">
    <skipped/>
  </testcase> <!-- VerifySubscription -->
  <testcase classname="Testcases.TC13_Verify_Product_quantity_in_Cart" name="AddProductCount" time="0.0">
    <skipped/>
  </testcase> <!-- AddProductCount -->
  <testcase classname="Testcases.TC25_Verify_Scroll_Up_Down_Functionality_withArrow" name="ScrollUpwithBtn" time="0.0">
    <skipped/>
  </testcase> <!-- ScrollUpwithBtn -->
  <testcase classname="Testcases.TC07_TestCase_Page" name="TestcasesView" time="0.0">
    <skipped/>
  </testcase> <!-- TestcasesView -->
  <testcase classname="Testcases.TC06_Contact_Us_Form" name="contactUS" time="0.0">
    <skipped/>
  </testcase> <!-- contactUS -->
  <testcase classname="Testcases.TC19_View_Cart_Brand_Products" name="ViewbyBrands" time="0.006">
    <skipped/>
  </testcase> <!-- ViewbyBrands -->
  <testcase classname="Testcases.TC14_Place_Order_With_Registration" name="PlaceOrderWithRegistration" time="0.0">
    <skipped/>
  </testcase> <!-- PlaceOrderWithRegistration -->
  <testcase classname="Testcases.TC16_Place_order_Login_before_Checkout" name="PlaceOrderLoginonCheckout" time="0.0">
    <skipped/>
  </testcase> <!-- PlaceOrderLoginonCheckout -->
  <testcase classname="Testcases.TC04_LogoutUser" name="Logoutuser" time="0.0">
    <skipped/>
  </testcase> <!-- Logoutuser -->
  <testcase classname="Testcases.TC20_Search_Products_and_Verify_Cart_After_Login" name="SearchProduct" time="0.0">
    <skipped/>
  </testcase> <!-- SearchProduct -->
  <testcase classname="Testcases.TC10_Verify_Subscription_in_home_page" name="Subscription" time="0.0">
    <skipped/>
  </testcase> <!-- Subscription -->
  <testcase classname="Testcases.TC18_View_Category_Products" name="ViewbyCategory" time="0.0">
    <skipped/>
  </testcase> <!-- ViewbyCategory -->
  <testcase classname="Testcases.TC26_Verify_Scroll_Up_Down_functionality_WithoutArrow" name="ScrollUpwithWithoutArrow" time="0.0">
    <skipped/>
  </testcase> <!-- ScrollUpwithWithoutArrow -->
  <testcase classname="Testcases.TC24_Download_Invoice_after_purchase_order" name="Downloadainvoice" time="0.0">
    <skipped/>
  </testcase> <!-- Downloadainvoice -->
  <testcase classname="Testcases.TC21_Add_Review_on_Product" name="AddReview" time="0.0">
    <skipped/>
  </testcase> <!-- AddReview -->
  <testcase classname="Testcases.TC15_Place_Order_And_Register_before_Checkout" name="PlaceOrder" time="0.0">
    <skipped/>
  </testcase> <!-- PlaceOrder -->
  <testcase classname="Testcases.TC05_ExistingUser" name="ValidExistingUser" time="0.0">
    <skipped/>
  </testcase> <!-- ValidExistingUser -->
  <testcase classname="Testcases.TC23_Verify_Address_Details_Checkout_Page" name="AddressOnCheckoutPage" time="0.0">
    <skipped/>
  </testcase> <!-- AddressOnCheckoutPage -->
  <testcase classname="Testcases.TC01_RegisterUser" name="RegisterUserS1" time="0.0">
    <skipped/>
  </testcase> <!-- RegisterUserS1 -->
  <testcase classname="Testcases.TC02_LoginUserValidCredentials" name="ValidUser" time="0.0">
    <skipped/>
  </testcase> <!-- ValidUser -->
  <testcase classname="Testcases.TC09_Search_Product" name="SearchProduct" time="0.001">
    <skipped/>
  </testcase> <!-- SearchProduct -->
  <testcase classname="Testcases.TC12_Add_Products_in_Cart" name="Addproducttocart" time="0.0">
    <skipped/>
  </testcase> <!-- Addproducttocart -->
  <testcase classname="Testcases.TC08_Verify_All_Product_and_Details" name="ViewAllProductdetails" time="0.0">
    <skipped/>
  </testcase> <!-- ViewAllProductdetails -->
</testsuite> <!-- Test -->
